app/build/intermediates/manifest_merge_blame_file/release/manifest-merger-blame-release-report.txt
1<?xml version="1.0" encoding="utf-8"?>
2<manifest xmlns:android="http://schemas.android.com/apk/res/android"
3    package="com.indiasolar"
4    android:versionCode="1"
5    android:versionName="1.0" >
6
7    <uses-sdk
8        android:minSdkVersion="19"
8-->src\main\AndroidManifest.xml
9        android:targetSdkVersion="32" />
9-->src\main\AndroidManifest.xml
10
11    <uses-permission android:name="android.permission.INTERNET" />
11-->src\main\AndroidManifest.xml:6:5-67
11-->src\main\AndroidManifest.xml:6:22-64
12    <uses-permission android:name="android.permission.ACCESS_WIFI_STATE" />
12-->src\main\AndroidManifest.xml:7:5-76
12-->src\main\AndroidManifest.xml:7:22-73
13    <uses-permission android:name="android.permission.ACCESS_NETWORK_STATE" />
13-->src\main\AndroidManifest.xml:8:5-79
13-->src\main\AndroidManifest.xml:8:22-76
14    <uses-permission android:name="android.permission.ACCESS_COARSE_LOCATION" />
14-->src\main\AndroidManifest.xml:9:5-81
14-->src\main\AndroidManifest.xml:9:22-78
15    <uses-permission android:name="android.permission.ACCESS_FINE_LOCATION" />
15-->src\main\AndroidManifest.xml:10:5-79
15-->src\main\AndroidManifest.xml:10:22-76
16    <uses-permission android:name="android.permission.READ_PRIVILEGED_PHONE_STATE" />
16-->src\main\AndroidManifest.xml:11:5-86
16-->src\main\AndroidManifest.xml:11:22-83
17    <uses-permission android:name="android.permission.WRITE_EXTERNAL_STORAGE" />
17-->src\main\AndroidManifest.xml:12:5-81
17-->src\main\AndroidManifest.xml:12:22-78
18    <uses-permission android:name="android.permission.CAMERA" />
18-->src\main\AndroidManifest.xml:13:5-65
18-->src\main\AndroidManifest.xml:13:22-62
19
20    <application
20-->src\main\AndroidManifest.xml:15:5-72:19
21        android:name="androidx.multidex.MultiDexApplication"
22        android:allowBackup="true"
22-->src\main\AndroidManifest.xml:16:9-35
23        android:appComponentFactory="androidx.core.app.CoreComponentFactory"
23-->[androidx.core:core:1.8.0] AndroidManifest.xml:24:18-86
24        android:dataExtractionRules="@xml/data_extraction_rules"
24-->src\main\AndroidManifest.xml:17:9-65
25        android:icon="@drawable/app_icon"
25-->src\main\AndroidManifest.xml:18:9-42
26        android:label="@string/app_name"
26-->src\main\AndroidManifest.xml:19:9-41
27        android:networkSecurityConfig="@xml/network_security_config"
27-->src\main\AndroidManifest.xml:20:9-69
28        android:roundIcon="@drawable/app_icon"
28-->src\main\AndroidManifest.xml:21:9-47
29        android:supportsRtl="true"
29-->src\main\AndroidManifest.xml:22:9-35
30        android:theme="@style/Theme.AppCompat.NoActionBar"
30-->src\main\AndroidManifest.xml:23:9-59
31        android:usesCleartextTraffic="true" >
31-->src\main\AndroidManifest.xml:24:9-44
32        <activity
32-->src\main\AndroidManifest.xml:26:9-35:20
33            android:name="com.indiasolar.activity.LoginPage"
33-->src\main\AndroidManifest.xml:27:13-47
34            android:exported="true"
34-->src\main\AndroidManifest.xml:28:13-36
35            android:screenOrientation="portrait" >
35-->src\main\AndroidManifest.xml:29:13-49
36            <intent-filter>
36-->src\main\AndroidManifest.xml:30:13-34:29
37                <action android:name="android.intent.action.MAIN" />
37-->src\main\AndroidManifest.xml:31:17-69
37-->src\main\AndroidManifest.xml:31:25-66
38
39                <category android:name="android.intent.category.LAUNCHER" />
39-->src\main\AndroidManifest.xml:33:17-77
39-->src\main\AndroidManifest.xml:33:27-74
40            </intent-filter>
41        </activity>
42        <activity
42-->src\main\AndroidManifest.xml:36:9-39:52
43            android:name="com.indiasolar.activity.DetailPending"
43-->src\main\AndroidManifest.xml:37:13-51
44            android:exported="false"
44-->src\main\AndroidManifest.xml:38:13-37
45            android:screenOrientation="portrait" />
45-->src\main\AndroidManifest.xml:39:13-49
46        <activity
46-->src\main\AndroidManifest.xml:40:9-43:52
47            android:name="com.indiasolar.activity.DashBoard"
47-->src\main\AndroidManifest.xml:41:13-47
48            android:exported="false"
48-->src\main\AndroidManifest.xml:42:13-37
49            android:screenOrientation="portrait" />
49-->src\main\AndroidManifest.xml:43:13-49
50        <activity
50-->src\main\AndroidManifest.xml:44:9-47:52
51            android:name="com.indiasolar.activity.Performance"
51-->src\main\AndroidManifest.xml:45:13-49
52            android:exported="false"
52-->src\main\AndroidManifest.xml:46:13-37
53            android:screenOrientation="portrait" />
53-->src\main\AndroidManifest.xml:47:13-49
54        <activity
54-->src\main\AndroidManifest.xml:48:9-51:52
55            android:name="com.indiasolar.activity.CameraPreview"
55-->src\main\AndroidManifest.xml:49:13-51
56            android:exported="false"
56-->src\main\AndroidManifest.xml:50:13-37
57            android:screenOrientation="portrait" />
57-->src\main\AndroidManifest.xml:51:13-49
58        <activity
58-->src\main\AndroidManifest.xml:52:9-55:52
59            android:name="com.indiasolar.activity.SplashScreen"
59-->src\main\AndroidManifest.xml:53:13-50
60            android:exported="false"
60-->src\main\AndroidManifest.xml:54:13-37
61            android:screenOrientation="portrait" />
61-->src\main\AndroidManifest.xml:55:13-49
62        <activity
62-->src\main\AndroidManifest.xml:56:9-59:52
63            android:name="com.indiasolar.activity.SetLocationActivity"
63-->src\main\AndroidManifest.xml:57:13-57
64            android:exported="false"
64-->src\main\AndroidManifest.xml:58:13-37
65            android:screenOrientation="portrait" />
65-->src\main\AndroidManifest.xml:59:13-49
66        <activity
66-->src\main\AndroidManifest.xml:60:9-63:52
67            android:name="com.indiasolar.activity.ScannedBarcodeActivity"
67-->src\main\AndroidManifest.xml:61:13-60
68            android:exported="false"
68-->src\main\AndroidManifest.xml:62:13-37
69            android:screenOrientation="portrait" />
69-->src\main\AndroidManifest.xml:63:13-49
70        <activity
70-->src\main\AndroidManifest.xml:64:9-67:52
71            android:name="com.indiasolar.activity.OpenCamera"
71-->src\main\AndroidManifest.xml:65:13-48
72            android:exported="false"
72-->src\main\AndroidManifest.xml:66:13-37
73            android:screenOrientation="portrait" />
73-->src\main\AndroidManifest.xml:67:13-49
74        <activity
74-->src\main\AndroidManifest.xml:68:9-71:52
75            android:name="com.indiasolar.activity.HomeScreen"
75-->src\main\AndroidManifest.xml:69:13-48
76            android:exported="false"
76-->src\main\AndroidManifest.xml:70:13-37
77            android:screenOrientation="portrait" />
77-->src\main\AndroidManifest.xml:71:13-49
78        <activity
78-->[com.google.android.gms:play-services-base:17.4.0] AndroidManifest.xml:23:9-26:75
79            android:name="com.google.android.gms.common.api.GoogleApiActivity"
79-->[com.google.android.gms:play-services-base:17.4.0] AndroidManifest.xml:24:13-79
80            android:exported="false"
80-->[com.google.android.gms:play-services-base:17.4.0] AndroidManifest.xml:25:13-37
81            android:theme="@android:style/Theme.Translucent.NoTitleBar" />
81-->[com.google.android.gms:play-services-base:17.4.0] AndroidManifest.xml:26:13-72
82
83        <meta-data
83-->[com.google.android.gms:play-services-basement:17.4.0] AndroidManifest.xml:23:9-25:69
84            android:name="com.google.android.gms.version"
84-->[com.google.android.gms:play-services-basement:17.4.0] AndroidManifest.xml:24:13-58
85            android:value="@integer/google_play_services_version" />
85-->[com.google.android.gms:play-services-basement:17.4.0] AndroidManifest.xml:25:13-66
86
87        <provider
87-->[androidx.emoji2:emoji2:1.2.0] AndroidManifest.xml:24:9-32:20
88            android:name="androidx.startup.InitializationProvider"
88-->[androidx.emoji2:emoji2:1.2.0] AndroidManifest.xml:25:13-67
89            android:authorities="com.indiasolar.androidx-startup"
89-->[androidx.emoji2:emoji2:1.2.0] AndroidManifest.xml:26:13-68
90            android:exported="false" >
90-->[androidx.emoji2:emoji2:1.2.0] AndroidManifest.xml:27:13-37
91            <meta-data
91-->[androidx.emoji2:emoji2:1.2.0] AndroidManifest.xml:29:13-31:52
92                android:name="androidx.emoji2.text.EmojiCompatInitializer"
92-->[androidx.emoji2:emoji2:1.2.0] AndroidManifest.xml:30:17-75
93                android:value="androidx.startup" />
93-->[androidx.emoji2:emoji2:1.2.0] AndroidManifest.xml:31:17-49
94            <meta-data
94-->[androidx.lifecycle:lifecycle-process:2.4.1] AndroidManifest.xml:31:13-33:52
95                android:name="androidx.lifecycle.ProcessLifecycleInitializer"
95-->[androidx.lifecycle:lifecycle-process:2.4.1] AndroidManifest.xml:32:17-78
96                android:value="androidx.startup" />
96-->[androidx.lifecycle:lifecycle-process:2.4.1] AndroidManifest.xml:33:17-49
97        </provider>
98    </application>
99
100</manifest>